<?xml version="1.0" encoding="UTF-8"?>
<!-- Generated by org.testng.reporters.JUnitReportReporter -->
<testsuite hostname="DESKTOP-7PSLOB2" failures="0" tests="1" name="com.example.my_maven_project.AppTest" time="0.008" errors="0" timestamp="2025-01-04T22:29:21 MEZ" skipped="0">
  <testcase classname="com.example.my_maven_project.AppTest" name="testApp" time="0.008"/>
  <system-out/>
</testsuite> <!-- com.example.my_maven_project.AppTest -->
